<?xml version="1.0" encoding="UTF-8"?>
<testsuite name="com.ag.blacjac.SuitTest" tests="1" skipped="0" failures="0" errors="0" timestamp="2023-08-27T11:48:58" hostname="LAPTOP-IS8B2KI2" time="0.041">
  <properties/>
  <testcase name="heartPrintsHeart()" classname="com.ag.blacjac.SuitTest" time="0.041"/>
  <system-out><![CDATA[]]></system-out>
  <system-err><![CDATA[]]></system-err>
</testsuite>
